<?xml version="1.0" encoding="UTF-8"?>
<!-- Generated by org.testng.reporters.JUnitReportReporter -->
<testsuite hostname="DESKTOP-V4F18VP" name="testng.TestNG2" tests="1" failures="0" timestamp="24 May 2018 15:08:03 GMT" time="0.006" errors="0">
  <testcase name="f" time="0.006" classname="testng.TestNG2"/>
</testsuite> <!-- testng.TestNG2 -->
