<?xml version="1.0" encoding="UTF-8"?>
<!-- Generated by org.testng.reporters.JUnitReportReporter -->
<testsuite hostname="DESKTOP-V4F18VP" name="testng.NewTest" tests="3" failures="0" timestamp="28 May 2018 10:54:41 GMT" time="27.320" errors="0">
  <testcase name="f" time="10.618" classname="testng.NewTest"/>
  <testcase name="f" time="8.461" classname="testng.NewTest"/>
  <testcase name="f" time="8.241" classname="testng.NewTest"/>
</testsuite> <!-- testng.NewTest -->
